[2025-03-04 10:24:05] [INFO] Logger initialized successfully Context: {"log_path":"C:\\xampp\\htdocs\\apps\\lms\\expert tutor/logs\\","php_version":"8.2.12","os":"WINNT"}
[2025-03-04 09:24:05] [TEST] Test message Context: {"test_id":1}
[2025-03-04 09:24:05] [ERROR] Test exception Context: {"file":"C:\\xampp\\htdocs\\apps\\lms\\expert tutor\\test-logger.php","line":11}
[2025-03-04 10:27:33] [INFO] Logger initialized successfully Context: {"log_path":"C:\\xampp\\htdocs\\apps\\lms\\expert tutor/logs\\","php_version":"8.2.12","os":"WINNT"}
[2025-03-04 09:27:33] [ERROR] include(includes/sections/hero.php): Failed to open stream: No such file or directory in C:\xampp\htdocs\apps\lms\expert tutor\index.php on line 41 Context: {"errno":2,"file":"C:\\xampp\\htdocs\\apps\\lms\\expert tutor\\index.php","line":41}
[2025-03-04 09:27:33] [ERROR] include(): Failed opening 'includes/sections/hero.php' for inclusion (include_path='C:\xampp\php\PEAR') in C:\xampp\htdocs\apps\lms\expert tutor\index.php on line 41 Context: {"errno":2,"file":"C:\\xampp\\htdocs\\apps\\lms\\expert tutor\\index.php","line":41}
[2025-03-04 09:27:33] [ERROR] include(includes/sections/stats.php): Failed to open stream: No such file or directory in C:\xampp\htdocs\apps\lms\expert tutor\index.php on line 42 Context: {"errno":2,"file":"C:\\xampp\\htdocs\\apps\\lms\\expert tutor\\index.php","line":42}
[2025-03-04 09:27:33] [ERROR] include(): Failed opening 'includes/sections/stats.php' for inclusion (include_path='C:\xampp\php\PEAR') in C:\xampp\htdocs\apps\lms\expert tutor\index.php on line 42 Context: {"errno":2,"file":"C:\\xampp\\htdocs\\apps\\lms\\expert tutor\\index.php","line":42}
[2025-03-04 09:27:33] [ERROR] include(includes/sections/partners.php): Failed to open stream: No such file or directory in C:\xampp\htdocs\apps\lms\expert tutor\index.php on line 43 Context: {"errno":2,"file":"C:\\xampp\\htdocs\\apps\\lms\\expert tutor\\index.php","line":43}
[2025-03-04 09:27:33] [ERROR] include(): Failed opening 'includes/sections/partners.php' for inclusion (include_path='C:\xampp\php\PEAR') in C:\xampp\htdocs\apps\lms\expert tutor\index.php on line 43 Context: {"errno":2,"file":"C:\\xampp\\htdocs\\apps\\lms\\expert tutor\\index.php","line":43}
[2025-03-04 09:27:33] [ERROR] include(includes/sections/features.php): Failed to open stream: No such file or directory in C:\xampp\htdocs\apps\lms\expert tutor\index.php on line 44 Context: {"errno":2,"file":"C:\\xampp\\htdocs\\apps\\lms\\expert tutor\\index.php","line":44}
[2025-03-04 09:27:33] [ERROR] include(): Failed opening 'includes/sections/features.php' for inclusion (include_path='C:\xampp\php\PEAR') in C:\xampp\htdocs\apps\lms\expert tutor\index.php on line 44 Context: {"errno":2,"file":"C:\\xampp\\htdocs\\apps\\lms\\expert tutor\\index.php","line":44}
[2025-03-04 09:27:33] [ERROR] include(includes/sections/subjects.php): Failed to open stream: No such file or directory in C:\xampp\htdocs\apps\lms\expert tutor\index.php on line 45 Context: {"errno":2,"file":"C:\\xampp\\htdocs\\apps\\lms\\expert tutor\\index.php","line":45}
[2025-03-04 09:27:33] [ERROR] include(): Failed opening 'includes/sections/subjects.php' for inclusion (include_path='C:\xampp\php\PEAR') in C:\xampp\htdocs\apps\lms\expert tutor\index.php on line 45 Context: {"errno":2,"file":"C:\\xampp\\htdocs\\apps\\lms\\expert tutor\\index.php","line":45}
[2025-03-04 09:27:33] [ERROR] include(includes/sections/cta.php): Failed to open stream: No such file or directory in C:\xampp\htdocs\apps\lms\expert tutor\index.php on line 46 Context: {"errno":2,"file":"C:\\xampp\\htdocs\\apps\\lms\\expert tutor\\index.php","line":46}
[2025-03-04 09:27:33] [ERROR] include(): Failed opening 'includes/sections/cta.php' for inclusion (include_path='C:\xampp\php\PEAR') in C:\xampp\htdocs\apps\lms\expert tutor\index.php on line 46 Context: {"errno":2,"file":"C:\\xampp\\htdocs\\apps\\lms\\expert tutor\\index.php","line":46}
[2025-03-04 09:27:33] [ERROR] include(includes/sections/reviews.php): Failed to open stream: No such file or directory in C:\xampp\htdocs\apps\lms\expert tutor\index.php on line 47 Context: {"errno":2,"file":"C:\\xampp\\htdocs\\apps\\lms\\expert tutor\\index.php","line":47}
[2025-03-04 09:27:33] [ERROR] include(): Failed opening 'includes/sections/reviews.php' for inclusion (include_path='C:\xampp\php\PEAR') in C:\xampp\htdocs\apps\lms\expert tutor\index.php on line 47 Context: {"errno":2,"file":"C:\\xampp\\htdocs\\apps\\lms\\expert tutor\\index.php","line":47}
[2025-03-04 09:27:33] [ERROR] include(includes/sections/teachers.php): Failed to open stream: No such file or directory in C:\xampp\htdocs\apps\lms\expert tutor\index.php on line 48 Context: {"errno":2,"file":"C:\\xampp\\htdocs\\apps\\lms\\expert tutor\\index.php","line":48}
[2025-03-04 09:27:33] [ERROR] include(): Failed opening 'includes/sections/teachers.php' for inclusion (include_path='C:\xampp\php\PEAR') in C:\xampp\htdocs\apps\lms\expert tutor\index.php on line 48 Context: {"errno":2,"file":"C:\\xampp\\htdocs\\apps\\lms\\expert tutor\\index.php","line":48}
[2025-03-04 10:27:40] [INFO] Logger initialized successfully Context: {"log_path":"C:\\xampp\\htdocs\\apps\\lms\\expert tutor/logs\\","php_version":"8.2.12","os":"WINNT"}
[2025-03-04 09:27:40] [ERROR] include(includes/sections/hero.php): Failed to open stream: No such file or directory in C:\xampp\htdocs\apps\lms\expert tutor\index.php on line 41 Context: {"errno":2,"file":"C:\\xampp\\htdocs\\apps\\lms\\expert tutor\\index.php","line":41}
[2025-03-04 09:27:40] [ERROR] include(): Failed opening 'includes/sections/hero.php' for inclusion (include_path='C:\xampp\php\PEAR') in C:\xampp\htdocs\apps\lms\expert tutor\index.php on line 41 Context: {"errno":2,"file":"C:\\xampp\\htdocs\\apps\\lms\\expert tutor\\index.php","line":41}
[2025-03-04 09:27:40] [ERROR] include(includes/sections/stats.php): Failed to open stream: No such file or directory in C:\xampp\htdocs\apps\lms\expert tutor\index.php on line 42 Context: {"errno":2,"file":"C:\\xampp\\htdocs\\apps\\lms\\expert tutor\\index.php","line":42}
[2025-03-04 09:27:40] [ERROR] include(): Failed opening 'includes/sections/stats.php' for inclusion (include_path='C:\xampp\php\PEAR') in C:\xampp\htdocs\apps\lms\expert tutor\index.php on line 42 Context: {"errno":2,"file":"C:\\xampp\\htdocs\\apps\\lms\\expert tutor\\index.php","line":42}
[2025-03-04 09:27:40] [ERROR] include(includes/sections/partners.php): Failed to open stream: No such file or directory in C:\xampp\htdocs\apps\lms\expert tutor\index.php on line 43 Context: {"errno":2,"file":"C:\\xampp\\htdocs\\apps\\lms\\expert tutor\\index.php","line":43}
[2025-03-04 09:27:40] [ERROR] include(): Failed opening 'includes/sections/partners.php' for inclusion (include_path='C:\xampp\php\PEAR') in C:\xampp\htdocs\apps\lms\expert tutor\index.php on line 43 Context: {"errno":2,"file":"C:\\xampp\\htdocs\\apps\\lms\\expert tutor\\index.php","line":43}
[2025-03-04 09:27:40] [ERROR] include(includes/sections/features.php): Failed to open stream: No such file or directory in C:\xampp\htdocs\apps\lms\expert tutor\index.php on line 44 Context: {"errno":2,"file":"C:\\xampp\\htdocs\\apps\\lms\\expert tutor\\index.php","line":44}
[2025-03-04 09:27:40] [ERROR] include(): Failed opening 'includes/sections/features.php' for inclusion (include_path='C:\xampp\php\PEAR') in C:\xampp\htdocs\apps\lms\expert tutor\index.php on line 44 Context: {"errno":2,"file":"C:\\xampp\\htdocs\\apps\\lms\\expert tutor\\index.php","line":44}
[2025-03-04 09:27:40] [ERROR] include(includes/sections/subjects.php): Failed to open stream: No such file or directory in C:\xampp\htdocs\apps\lms\expert tutor\index.php on line 45 Context: {"errno":2,"file":"C:\\xampp\\htdocs\\apps\\lms\\expert tutor\\index.php","line":45}
[2025-03-04 09:27:40] [ERROR] include(): Failed opening 'includes/sections/subjects.php' for inclusion (include_path='C:\xampp\php\PEAR') in C:\xampp\htdocs\apps\lms\expert tutor\index.php on line 45 Context: {"errno":2,"file":"C:\\xampp\\htdocs\\apps\\lms\\expert tutor\\index.php","line":45}
[2025-03-04 09:27:40] [ERROR] include(includes/sections/cta.php): Failed to open stream: No such file or directory in C:\xampp\htdocs\apps\lms\expert tutor\index.php on line 46 Context: {"errno":2,"file":"C:\\xampp\\htdocs\\apps\\lms\\expert tutor\\index.php","line":46}
[2025-03-04 09:27:40] [ERROR] include(): Failed opening 'includes/sections/cta.php' for inclusion (include_path='C:\xampp\php\PEAR') in C:\xampp\htdocs\apps\lms\expert tutor\index.php on line 46 Context: {"errno":2,"file":"C:\\xampp\\htdocs\\apps\\lms\\expert tutor\\index.php","line":46}
[2025-03-04 09:27:40] [ERROR] include(includes/sections/reviews.php): Failed to open stream: No such file or directory in C:\xampp\htdocs\apps\lms\expert tutor\index.php on line 47 Context: {"errno":2,"file":"C:\\xampp\\htdocs\\apps\\lms\\expert tutor\\index.php","line":47}
[2025-03-04 09:27:40] [ERROR] include(): Failed opening 'includes/sections/reviews.php' for inclusion (include_path='C:\xampp\php\PEAR') in C:\xampp\htdocs\apps\lms\expert tutor\index.php on line 47 Context: {"errno":2,"file":"C:\\xampp\\htdocs\\apps\\lms\\expert tutor\\index.php","line":47}
[2025-03-04 09:27:40] [ERROR] include(includes/sections/teachers.php): Failed to open stream: No such file or directory in C:\xampp\htdocs\apps\lms\expert tutor\index.php on line 48 Context: {"errno":2,"file":"C:\\xampp\\htdocs\\apps\\lms\\expert tutor\\index.php","line":48}
[2025-03-04 09:27:40] [ERROR] include(): Failed opening 'includes/sections/teachers.php' for inclusion (include_path='C:\xampp\php\PEAR') in C:\xampp\htdocs\apps\lms\expert tutor\index.php on line 48 Context: {"errno":2,"file":"C:\\xampp\\htdocs\\apps\\lms\\expert tutor\\index.php","line":48}
[2025-03-04 10:27:55] [INFO] Logger initialized successfully Context: {"log_path":"C:\\xampp\\htdocs\\apps\\lms\\expert tutor/logs\\","php_version":"8.2.12","os":"WINNT"}
[2025-03-04 09:27:55] [ERROR] include(includes/sections/hero.php): Failed to open stream: No such file or directory in C:\xampp\htdocs\apps\lms\expert tutor\index.php on line 41 Context: {"errno":2,"file":"C:\\xampp\\htdocs\\apps\\lms\\expert tutor\\index.php","line":41}
[2025-03-04 09:27:55] [ERROR] include(): Failed opening 'includes/sections/hero.php' for inclusion (include_path='C:\xampp\php\PEAR') in C:\xampp\htdocs\apps\lms\expert tutor\index.php on line 41 Context: {"errno":2,"file":"C:\\xampp\\htdocs\\apps\\lms\\expert tutor\\index.php","line":41}
[2025-03-04 09:27:55] [ERROR] include(includes/sections/stats.php): Failed to open stream: No such file or directory in C:\xampp\htdocs\apps\lms\expert tutor\index.php on line 42 Context: {"errno":2,"file":"C:\\xampp\\htdocs\\apps\\lms\\expert tutor\\index.php","line":42}
[2025-03-04 09:27:55] [ERROR] include(): Failed opening 'includes/sections/stats.php' for inclusion (include_path='C:\xampp\php\PEAR') in C:\xampp\htdocs\apps\lms\expert tutor\index.php on line 42 Context: {"errno":2,"file":"C:\\xampp\\htdocs\\apps\\lms\\expert tutor\\index.php","line":42}
[2025-03-04 09:27:55] [ERROR] include(includes/sections/partners.php): Failed to open stream: No such file or directory in C:\xampp\htdocs\apps\lms\expert tutor\index.php on line 43 Context: {"errno":2,"file":"C:\\xampp\\htdocs\\apps\\lms\\expert tutor\\index.php","line":43}
[2025-03-04 09:27:55] [ERROR] include(): Failed opening 'includes/sections/partners.php' for inclusion (include_path='C:\xampp\php\PEAR') in C:\xampp\htdocs\apps\lms\expert tutor\index.php on line 43 Context: {"errno":2,"file":"C:\\xampp\\htdocs\\apps\\lms\\expert tutor\\index.php","line":43}
[2025-03-04 09:27:55] [ERROR] include(includes/sections/features.php): Failed to open stream: No such file or directory in C:\xampp\htdocs\apps\lms\expert tutor\index.php on line 44 Context: {"errno":2,"file":"C:\\xampp\\htdocs\\apps\\lms\\expert tutor\\index.php","line":44}
[2025-03-04 09:27:55] [ERROR] include(): Failed opening 'includes/sections/features.php' for inclusion (include_path='C:\xampp\php\PEAR') in C:\xampp\htdocs\apps\lms\expert tutor\index.php on line 44 Context: {"errno":2,"file":"C:\\xampp\\htdocs\\apps\\lms\\expert tutor\\index.php","line":44}
[2025-03-04 09:27:55] [ERROR] include(includes/sections/subjects.php): Failed to open stream: No such file or directory in C:\xampp\htdocs\apps\lms\expert tutor\index.php on line 45 Context: {"errno":2,"file":"C:\\xampp\\htdocs\\apps\\lms\\expert tutor\\index.php","line":45}
[2025-03-04 09:27:55] [ERROR] include(): Failed opening 'includes/sections/subjects.php' for inclusion (include_path='C:\xampp\php\PEAR') in C:\xampp\htdocs\apps\lms\expert tutor\index.php on line 45 Context: {"errno":2,"file":"C:\\xampp\\htdocs\\apps\\lms\\expert tutor\\index.php","line":45}
[2025-03-04 09:27:55] [ERROR] include(includes/sections/cta.php): Failed to open stream: No such file or directory in C:\xampp\htdocs\apps\lms\expert tutor\index.php on line 46 Context: {"errno":2,"file":"C:\\xampp\\htdocs\\apps\\lms\\expert tutor\\index.php","line":46}
[2025-03-04 09:27:55] [ERROR] include(): Failed opening 'includes/sections/cta.php' for inclusion (include_path='C:\xampp\php\PEAR') in C:\xampp\htdocs\apps\lms\expert tutor\index.php on line 46 Context: {"errno":2,"file":"C:\\xampp\\htdocs\\apps\\lms\\expert tutor\\index.php","line":46}
[2025-03-04 09:27:55] [ERROR] include(includes/sections/reviews.php): Failed to open stream: No such file or directory in C:\xampp\htdocs\apps\lms\expert tutor\index.php on line 47 Context: {"errno":2,"file":"C:\\xampp\\htdocs\\apps\\lms\\expert tutor\\index.php","line":47}
[2025-03-04 09:27:55] [ERROR] include(): Failed opening 'includes/sections/reviews.php' for inclusion (include_path='C:\xampp\php\PEAR') in C:\xampp\htdocs\apps\lms\expert tutor\index.php on line 47 Context: {"errno":2,"file":"C:\\xampp\\htdocs\\apps\\lms\\expert tutor\\index.php","line":47}
[2025-03-04 09:27:55] [ERROR] include(includes/sections/teachers.php): Failed to open stream: No such file or directory in C:\xampp\htdocs\apps\lms\expert tutor\index.php on line 48 Context: {"errno":2,"file":"C:\\xampp\\htdocs\\apps\\lms\\expert tutor\\index.php","line":48}
[2025-03-04 09:27:55] [ERROR] include(): Failed opening 'includes/sections/teachers.php' for inclusion (include_path='C:\xampp\php\PEAR') in C:\xampp\htdocs\apps\lms\expert tutor\index.php on line 48 Context: {"errno":2,"file":"C:\\xampp\\htdocs\\apps\\lms\\expert tutor\\index.php","line":48}
[2025-03-04 10:32:27] [INFO] Logger initialized successfully Context: {"log_path":"C:\\xampp\\htdocs\\apps\\lms\\expert tutor/logs\\","php_version":"8.2.12","os":"WINNT"}
[2025-03-04 09:32:27] [WARNING] Asset not found: C:\xampp\htdocs\apps\lms\expert tutor/assets/images/hero-illustration.svg
[2025-03-04 09:32:27] [WARNING] Asset not found: C:\xampp\htdocs\apps\lms\expert tutor/assets/images/partners/partner1.png
[2025-03-04 09:32:27] [WARNING] Asset not found: C:\xampp\htdocs\apps\lms\expert tutor/assets/images/partners/partner2.png
[2025-03-04 09:32:27] [WARNING] Asset not found: C:\xampp\htdocs\apps\lms\expert tutor/assets/images/partners/partner3.png
[2025-03-04 09:32:27] [WARNING] Asset not found: C:\xampp\htdocs\apps\lms\expert tutor/assets/images/partners/partner4.png
[2025-03-04 09:32:27] [WARNING] Asset not found: C:\xampp\htdocs\apps\lms\expert tutor/assets/images/reviews/student1.jpg
[2025-03-04 09:32:27] [WARNING] Asset not found: C:\xampp\htdocs\apps\lms\expert tutor/assets/images/reviews/student2.jpg
[2025-03-04 09:32:27] [WARNING] Asset not found: C:\xampp\htdocs\apps\lms\expert tutor/assets/images/reviews/student3.jpg
[2025-03-04 09:32:27] [WARNING] Asset not found: C:\xampp\htdocs\apps\lms\expert tutor/assets/images/teachers/teacher1.jpg
[2025-03-04 09:32:27] [WARNING] Asset not found: C:\xampp\htdocs\apps\lms\expert tutor/assets/images/teachers/teacher2.jpg
[2025-03-04 09:32:27] [WARNING] Asset not found: C:\xampp\htdocs\apps\lms\expert tutor/assets/images/teachers/teacher3.jpg
[2025-03-04 09:32:27] [WARNING] Asset not found: C:\xampp\htdocs\apps\lms\expert tutor/assets/images/teachers/teacher4.jpg
[2025-03-04 09:32:27] [EXCEPTION] Call to undefined function render_button() Context: {"file":"C:\\xampp\\htdocs\\apps\\lms\\expert tutor\\includes\\modals\\login-modal.php","line":10,"trace":"#0 C:\\xampp\\htdocs\\apps\\lms\\expert tutor\\includes\\modals\\login-modal.php(101): get_login_modal_content()\n#1 C:\\xampp\\htdocs\\apps\\lms\\expert tutor\\index.php(54): include('C:\\\\xampp\\\\htdocs...')\n#2 {main}"}
[2025-03-04 10:32:28] [INFO] Logger initialized successfully Context: {"log_path":"C:\\xampp\\htdocs\\apps\\lms\\expert tutor/logs\\","php_version":"8.2.12","os":"WINNT"}
[2025-03-04 09:32:28] [WARNING] Asset not found: C:\xampp\htdocs\apps\lms\expert tutor/assets/images/hero-illustration.svg
[2025-03-04 09:32:28] [WARNING] Asset not found: C:\xampp\htdocs\apps\lms\expert tutor/assets/images/partners/partner1.png
[2025-03-04 09:32:28] [WARNING] Asset not found: C:\xampp\htdocs\apps\lms\expert tutor/assets/images/partners/partner2.png
[2025-03-04 09:32:28] [WARNING] Asset not found: C:\xampp\htdocs\apps\lms\expert tutor/assets/images/partners/partner3.png
[2025-03-04 09:32:28] [WARNING] Asset not found: C:\xampp\htdocs\apps\lms\expert tutor/assets/images/partners/partner4.png
[2025-03-04 09:32:28] [WARNING] Asset not found: C:\xampp\htdocs\apps\lms\expert tutor/assets/images/reviews/student1.jpg
[2025-03-04 09:32:28] [WARNING] Asset not found: C:\xampp\htdocs\apps\lms\expert tutor/assets/images/reviews/student2.jpg
[2025-03-04 09:32:28] [WARNING] Asset not found: C:\xampp\htdocs\apps\lms\expert tutor/assets/images/reviews/student3.jpg
[2025-03-04 09:32:28] [WARNING] Asset not found: C:\xampp\htdocs\apps\lms\expert tutor/assets/images/teachers/teacher1.jpg
[2025-03-04 09:32:28] [WARNING] Asset not found: C:\xampp\htdocs\apps\lms\expert tutor/assets/images/teachers/teacher2.jpg
[2025-03-04 09:32:28] [WARNING] Asset not found: C:\xampp\htdocs\apps\lms\expert tutor/assets/images/teachers/teacher3.jpg
[2025-03-04 09:32:28] [WARNING] Asset not found: C:\xampp\htdocs\apps\lms\expert tutor/assets/images/teachers/teacher4.jpg
[2025-03-04 09:32:28] [EXCEPTION] Call to undefined function render_button() Context: {"file":"C:\\xampp\\htdocs\\apps\\lms\\expert tutor\\includes\\modals\\login-modal.php","line":10,"trace":"#0 C:\\xampp\\htdocs\\apps\\lms\\expert tutor\\includes\\modals\\login-modal.php(101): get_login_modal_content()\n#1 C:\\xampp\\htdocs\\apps\\lms\\expert tutor\\index.php(54): include('C:\\\\xampp\\\\htdocs...')\n#2 {main}"}
